c:\users\drago\source\cpplibs\opengldependencies\cmake\assimp-5.0.1\build\tools\assimp_view\assimp_viewer.dir\debug\vcpkg.applocal.log
c:\users\drago\source\cpplibs\opengldependencies\cmake\assimp-5.0.1\build\tools\assimp_view\assimp_viewer.dir\debug\display.obj
c:\users\drago\source\cpplibs\opengldependencies\cmake\assimp-5.0.1\build\tools\assimp_view\assimp_viewer.dir\debug\animevaluator.obj
c:\users\drago\source\cpplibs\opengldependencies\cmake\assimp-5.0.1\build\tools\assimp_view\assimp_viewer.dir\debug\stdafx.obj
c:\users\drago\source\cpplibs\opengldependencies\cmake\assimp-5.0.1\build\tools\assimp_view\assimp_viewer.dir\debug\logwindow.obj
c:\users\drago\source\cpplibs\opengldependencies\cmake\assimp-5.0.1\build\tools\assimp_view\assimp_viewer.dir\debug\meshrenderer.obj
c:\users\drago\source\cpplibs\opengldependencies\cmake\assimp-5.0.1\build\tools\assimp_view\assimp_viewer.dir\debug\background.obj
c:\users\drago\source\cpplibs\opengldependencies\cmake\assimp-5.0.1\build\tools\assimp_view\assimp_viewer.dir\debug\assimp_view.obj
c:\users\drago\source\cpplibs\opengldependencies\cmake\assimp-5.0.1\build\tools\assimp_view\assimp_viewer.dir\debug\helpdialog.obj
c:\users\drago\source\cpplibs\opengldependencies\cmake\assimp-5.0.1\build\tools\assimp_view\assimp_viewer.dir\debug\shaders.obj
c:\users\drago\source\cpplibs\opengldependencies\cmake\assimp-5.0.1\build\tools\assimp_view\assimp_viewer.dir\debug\logdisplay.obj
c:\users\drago\source\cpplibs\opengldependencies\cmake\assimp-5.0.1\build\tools\assimp_view\assimp_viewer.dir\debug\normals.obj
c:\users\drago\source\cpplibs\opengldependencies\cmake\assimp-5.0.1\build\tools\assimp_view\assimp_viewer.dir\debug\material.obj
c:\users\drago\source\cpplibs\opengldependencies\cmake\assimp-5.0.1\build\tools\assimp_view\assimp_viewer.dir\debug\sceneanimator.obj
c:\users\drago\source\cpplibs\opengldependencies\cmake\assimp-5.0.1\build\tools\assimp_view\assimp_viewer.dir\debug\input.obj
c:\users\drago\source\cpplibs\opengldependencies\cmake\assimp-5.0.1\build\tools\assimp_view\assimp_viewer.dir\debug\messageproc.obj
c:\users\drago\source\cpplibs\opengldependencies\cmake\assimp-5.0.1\build\tools\assimp_view\assimp_viewer.dir\debug\vc142.pdb
c:\users\drago\source\cpplibs\opengldependencies\cmake\assimp-5.0.1\build\tools\assimp_view\cmakefiles\generate.stamp
c:\users\drago\source\cpplibs\opengldependencies\cmake\assimp-5.0.1\build\tools\assimp_view\assimp_viewer.dir\debug\assimp_viewerd.ilk
c:\users\drago\source\cpplibs\opengldependencies\cmake\assimp-5.0.1\build\tools\assimp_view\debug\assimp_viewerd.exe
c:\users\drago\source\cpplibs\opengldependencies\cmake\assimp-5.0.1\build\tools\assimp_view\debug\assimp_viewerd.pdb
c:\users\drago\source\cpplibs\opengldependencies\cmake\assimp-5.0.1\build\tools\assimp_view\assimp_viewer.dir\debug\assimp_view.res
c:\users\drago\source\cpplibs\opengldependencies\cmake\assimp-5.0.1\build\tools\assimp_view\assimp_viewer.dir\debug\assimp_viewer.tlog\assimp_viewer.write.1u.tlog
c:\users\drago\source\cpplibs\opengldependencies\cmake\assimp-5.0.1\build\tools\assimp_view\assimp_viewer.dir\debug\assimp_viewer.tlog\cl.12664.write.1.tlog
c:\users\drago\source\cpplibs\opengldependencies\cmake\assimp-5.0.1\build\tools\assimp_view\assimp_viewer.dir\debug\assimp_viewer.tlog\cl.command.1.tlog
c:\users\drago\source\cpplibs\opengldependencies\cmake\assimp-5.0.1\build\tools\assimp_view\assimp_viewer.dir\debug\assimp_viewer.tlog\cl.read.1.tlog
c:\users\drago\source\cpplibs\opengldependencies\cmake\assimp-5.0.1\build\tools\assimp_view\assimp_viewer.dir\debug\assimp_viewer.tlog\custombuild.command.1.tlog
c:\users\drago\source\cpplibs\opengldependencies\cmake\assimp-5.0.1\build\tools\assimp_view\assimp_viewer.dir\debug\assimp_viewer.tlog\custombuild.read.1.tlog
c:\users\drago\source\cpplibs\opengldependencies\cmake\assimp-5.0.1\build\tools\assimp_view\assimp_viewer.dir\debug\assimp_viewer.tlog\custombuild.write.1.tlog
c:\users\drago\source\cpplibs\opengldependencies\cmake\assimp-5.0.1\build\tools\assimp_view\assimp_viewer.dir\debug\assimp_viewer.tlog\link.command.1.tlog
c:\users\drago\source\cpplibs\opengldependencies\cmake\assimp-5.0.1\build\tools\assimp_view\assimp_viewer.dir\debug\assimp_viewer.tlog\link.read.1.tlog
c:\users\drago\source\cpplibs\opengldependencies\cmake\assimp-5.0.1\build\tools\assimp_view\assimp_viewer.dir\debug\assimp_viewer.tlog\link.write.1.tlog
c:\users\drago\source\cpplibs\opengldependencies\cmake\assimp-5.0.1\build\tools\assimp_view\assimp_viewer.dir\debug\assimp_viewer.tlog\rc.command.1.tlog
c:\users\drago\source\cpplibs\opengldependencies\cmake\assimp-5.0.1\build\tools\assimp_view\assimp_viewer.dir\debug\assimp_viewer.tlog\rc.read.1.tlog
c:\users\drago\source\cpplibs\opengldependencies\cmake\assimp-5.0.1\build\tools\assimp_view\assimp_viewer.dir\debug\assimp_viewer.tlog\rc.write.1.tlog
