c:\users\drago\source\cpplibs\opengldependencies\cmake\assimp-5.0.1\build\tools\assimp_cmd\assimp_cmd.dir\debug\vcpkg.applocal.log
c:\users\drago\source\cpplibs\opengldependencies\cmake\assimp-5.0.1\build\tools\assimp_cmd\assimp_cmd.dir\debug\info.obj
c:\users\drago\source\cpplibs\opengldependencies\cmake\assimp-5.0.1\build\tools\assimp_cmd\assimp_cmd.dir\debug\comparedump.obj
c:\users\drago\source\cpplibs\opengldependencies\cmake\assimp-5.0.1\build\tools\assimp_cmd\assimp_cmd.dir\debug\writedumb.obj
c:\users\drago\source\cpplibs\opengldependencies\cmake\assimp-5.0.1\build\tools\assimp_cmd\assimp_cmd.dir\debug\imageextractor.obj
c:\users\drago\source\cpplibs\opengldependencies\cmake\assimp-5.0.1\build\tools\assimp_cmd\assimp_cmd.dir\debug\export.obj
c:\users\drago\source\cpplibs\opengldependencies\cmake\assimp-5.0.1\build\tools\assimp_cmd\assimp_cmd.dir\debug\main.obj
c:\users\drago\source\cpplibs\opengldependencies\cmake\assimp-5.0.1\build\tools\assimp_cmd\assimp_cmd.dir\debug\vc142.pdb
c:\users\drago\source\cpplibs\opengldependencies\cmake\assimp-5.0.1\build\tools\assimp_cmd\cmakefiles\generate.stamp
c:\users\drago\source\cpplibs\opengldependencies\cmake\assimp-5.0.1\build\tools\assimp_cmd\assimp_cmd.dir\debug\assimpd.ilk
c:\users\drago\source\cpplibs\opengldependencies\cmake\assimp-5.0.1\build\tools\assimp_cmd\debug\assimpd.exe
c:\users\drago\source\cpplibs\opengldependencies\cmake\assimp-5.0.1\build\tools\assimp_cmd\debug\assimpd.pdb
c:\users\drago\source\cpplibs\opengldependencies\cmake\assimp-5.0.1\build\tools\assimp_cmd\assimp_cmd.dir\debug\assimp_cmd.res
c:\users\drago\source\cpplibs\opengldependencies\cmake\assimp-5.0.1\build\tools\assimp_cmd\assimp_cmd.dir\debug\assimp_cmd.tlog\assimp_cmd.write.1u.tlog
c:\users\drago\source\cpplibs\opengldependencies\cmake\assimp-5.0.1\build\tools\assimp_cmd\assimp_cmd.dir\debug\assimp_cmd.tlog\cl.12524.write.1.tlog
c:\users\drago\source\cpplibs\opengldependencies\cmake\assimp-5.0.1\build\tools\assimp_cmd\assimp_cmd.dir\debug\assimp_cmd.tlog\cl.command.1.tlog
c:\users\drago\source\cpplibs\opengldependencies\cmake\assimp-5.0.1\build\tools\assimp_cmd\assimp_cmd.dir\debug\assimp_cmd.tlog\cl.read.1.tlog
c:\users\drago\source\cpplibs\opengldependencies\cmake\assimp-5.0.1\build\tools\assimp_cmd\assimp_cmd.dir\debug\assimp_cmd.tlog\custombuild.command.1.tlog
c:\users\drago\source\cpplibs\opengldependencies\cmake\assimp-5.0.1\build\tools\assimp_cmd\assimp_cmd.dir\debug\assimp_cmd.tlog\custombuild.read.1.tlog
c:\users\drago\source\cpplibs\opengldependencies\cmake\assimp-5.0.1\build\tools\assimp_cmd\assimp_cmd.dir\debug\assimp_cmd.tlog\custombuild.write.1.tlog
c:\users\drago\source\cpplibs\opengldependencies\cmake\assimp-5.0.1\build\tools\assimp_cmd\assimp_cmd.dir\debug\assimp_cmd.tlog\link.command.1.tlog
c:\users\drago\source\cpplibs\opengldependencies\cmake\assimp-5.0.1\build\tools\assimp_cmd\assimp_cmd.dir\debug\assimp_cmd.tlog\link.read.1.tlog
c:\users\drago\source\cpplibs\opengldependencies\cmake\assimp-5.0.1\build\tools\assimp_cmd\assimp_cmd.dir\debug\assimp_cmd.tlog\link.write.1.tlog
c:\users\drago\source\cpplibs\opengldependencies\cmake\assimp-5.0.1\build\tools\assimp_cmd\assimp_cmd.dir\debug\assimp_cmd.tlog\rc.command.1.tlog
c:\users\drago\source\cpplibs\opengldependencies\cmake\assimp-5.0.1\build\tools\assimp_cmd\assimp_cmd.dir\debug\assimp_cmd.tlog\rc.read.1.tlog
c:\users\drago\source\cpplibs\opengldependencies\cmake\assimp-5.0.1\build\tools\assimp_cmd\assimp_cmd.dir\debug\assimp_cmd.tlog\rc.write.1.tlog
