c:\users\drago\source\cpplibs\opengldependencies\cmake\assimp-5.0.1\build\contrib\zlib\zlibstatic.dir\debug\gzwrite.obj
c:\users\drago\source\cpplibs\opengldependencies\cmake\assimp-5.0.1\build\contrib\zlib\zlibstatic.dir\debug\crc32.obj
c:\users\drago\source\cpplibs\opengldependencies\cmake\assimp-5.0.1\build\contrib\zlib\zlibstatic.dir\debug\inflate.obj
c:\users\drago\source\cpplibs\opengldependencies\cmake\assimp-5.0.1\build\contrib\zlib\zlibstatic.dir\debug\adler32.obj
c:\users\drago\source\cpplibs\opengldependencies\cmake\assimp-5.0.1\build\contrib\zlib\zlibstatic.dir\debug\inffast.obj
c:\users\drago\source\cpplibs\opengldependencies\cmake\assimp-5.0.1\build\contrib\zlib\zlibstatic.dir\debug\compress.obj
c:\users\drago\source\cpplibs\opengldependencies\cmake\assimp-5.0.1\build\contrib\zlib\zlibstatic.dir\debug\inftrees.obj
c:\users\drago\source\cpplibs\opengldependencies\cmake\assimp-5.0.1\build\contrib\zlib\zlibstatic.dir\debug\gzread.obj
c:\users\drago\source\cpplibs\opengldependencies\cmake\assimp-5.0.1\build\contrib\zlib\zlibstatic.dir\debug\infback.obj
c:\users\drago\source\cpplibs\opengldependencies\cmake\assimp-5.0.1\build\contrib\zlib\zlibstatic.dir\debug\gzlib.obj
c:\users\drago\source\cpplibs\opengldependencies\cmake\assimp-5.0.1\build\contrib\zlib\zlibstatic.dir\debug\zutil.obj
c:\users\drago\source\cpplibs\opengldependencies\cmake\assimp-5.0.1\build\contrib\zlib\zlibstatic.dir\debug\deflate.obj
c:\users\drago\source\cpplibs\opengldependencies\cmake\assimp-5.0.1\build\contrib\zlib\zlibstatic.dir\debug\trees.obj
c:\users\drago\source\cpplibs\opengldependencies\cmake\assimp-5.0.1\build\contrib\zlib\zlibstatic.dir\debug\gzclose.obj
c:\users\drago\source\cpplibs\opengldependencies\cmake\assimp-5.0.1\build\contrib\zlib\zlibstatic.dir\debug\uncompr.obj
c:\users\drago\source\cpplibs\opengldependencies\cmake\assimp-5.0.1\build\contrib\zlib\debug\zlibstaticd.pdb
c:\users\drago\source\cpplibs\opengldependencies\cmake\assimp-5.0.1\build\contrib\zlib\cmakefiles\generate.stamp
c:\users\drago\source\cpplibs\opengldependencies\cmake\assimp-5.0.1\build\contrib\zlib\debug\zlibstaticd.lib
c:\users\drago\source\cpplibs\opengldependencies\cmake\assimp-5.0.1\build\contrib\zlib\zlibstatic.dir\debug\vcpkg.applocal.log
c:\users\drago\source\cpplibs\opengldependencies\cmake\assimp-5.0.1\build\contrib\zlib\zlibstatic.dir\debug\zlibstatic.tlog\cl.1256.write.1.tlog
c:\users\drago\source\cpplibs\opengldependencies\cmake\assimp-5.0.1\build\contrib\zlib\zlibstatic.dir\debug\zlibstatic.tlog\cl.command.1.tlog
c:\users\drago\source\cpplibs\opengldependencies\cmake\assimp-5.0.1\build\contrib\zlib\zlibstatic.dir\debug\zlibstatic.tlog\cl.read.1.tlog
c:\users\drago\source\cpplibs\opengldependencies\cmake\assimp-5.0.1\build\contrib\zlib\zlibstatic.dir\debug\zlibstatic.tlog\custombuild.command.1.tlog
c:\users\drago\source\cpplibs\opengldependencies\cmake\assimp-5.0.1\build\contrib\zlib\zlibstatic.dir\debug\zlibstatic.tlog\custombuild.read.1.tlog
c:\users\drago\source\cpplibs\opengldependencies\cmake\assimp-5.0.1\build\contrib\zlib\zlibstatic.dir\debug\zlibstatic.tlog\custombuild.write.1.tlog
c:\users\drago\source\cpplibs\opengldependencies\cmake\assimp-5.0.1\build\contrib\zlib\zlibstatic.dir\debug\zlibstatic.tlog\lib-link.read.1.tlog
c:\users\drago\source\cpplibs\opengldependencies\cmake\assimp-5.0.1\build\contrib\zlib\zlibstatic.dir\debug\zlibstatic.tlog\lib-link.write.1.tlog
c:\users\drago\source\cpplibs\opengldependencies\cmake\assimp-5.0.1\build\contrib\zlib\zlibstatic.dir\debug\zlibstatic.tlog\lib.command.1.tlog
c:\users\drago\source\cpplibs\opengldependencies\cmake\assimp-5.0.1\build\contrib\zlib\zlibstatic.dir\debug\zlibstatic.tlog\zlibstatic.write.1u.tlog
