c:\users\drago\source\cpplibs\opengldependencies\cmake\assimp-5.0.1\build\contrib\zlib\zlib.dir\debug\deflate.obj
c:\users\drago\source\cpplibs\opengldependencies\cmake\assimp-5.0.1\build\contrib\zlib\zlib.dir\debug\inftrees.obj
c:\users\drago\source\cpplibs\opengldependencies\cmake\assimp-5.0.1\build\contrib\zlib\zlib.dir\debug\gzclose.obj
c:\users\drago\source\cpplibs\opengldependencies\cmake\assimp-5.0.1\build\contrib\zlib\zlib.dir\debug\trees.obj
c:\users\drago\source\cpplibs\opengldependencies\cmake\assimp-5.0.1\build\contrib\zlib\zlib.dir\debug\crc32.obj
c:\users\drago\source\cpplibs\opengldependencies\cmake\assimp-5.0.1\build\contrib\zlib\zlib.dir\debug\inffast.obj
c:\users\drago\source\cpplibs\opengldependencies\cmake\assimp-5.0.1\build\contrib\zlib\zlib.dir\debug\compress.obj
c:\users\drago\source\cpplibs\opengldependencies\cmake\assimp-5.0.1\build\contrib\zlib\zlib.dir\debug\inflate.obj
c:\users\drago\source\cpplibs\opengldependencies\cmake\assimp-5.0.1\build\contrib\zlib\zlib.dir\debug\zutil.obj
c:\users\drago\source\cpplibs\opengldependencies\cmake\assimp-5.0.1\build\contrib\zlib\zlib.dir\debug\gzwrite.obj
c:\users\drago\source\cpplibs\opengldependencies\cmake\assimp-5.0.1\build\contrib\zlib\zlib.dir\debug\gzread.obj
c:\users\drago\source\cpplibs\opengldependencies\cmake\assimp-5.0.1\build\contrib\zlib\zlib.dir\debug\uncompr.obj
c:\users\drago\source\cpplibs\opengldependencies\cmake\assimp-5.0.1\build\contrib\zlib\zlib.dir\debug\gzlib.obj
c:\users\drago\source\cpplibs\opengldependencies\cmake\assimp-5.0.1\build\contrib\zlib\zlib.dir\debug\adler32.obj
c:\users\drago\source\cpplibs\opengldependencies\cmake\assimp-5.0.1\build\contrib\zlib\zlib.dir\debug\infback.obj
c:\users\drago\source\cpplibs\opengldependencies\cmake\assimp-5.0.1\build\contrib\zlib\zlib.dir\debug\vc142.pdb
c:\users\drago\source\cpplibs\opengldependencies\cmake\assimp-5.0.1\build\contrib\zlib\cmakefiles\generate.stamp
c:\users\drago\source\cpplibs\opengldependencies\cmake\assimp-5.0.1\build\contrib\zlib\zlib.dir\debug\zlibd.ilk
c:\users\drago\source\cpplibs\opengldependencies\cmake\assimp-5.0.1\build\contrib\zlib\debug\zlibd.dll
c:\users\drago\source\cpplibs\opengldependencies\cmake\assimp-5.0.1\build\contrib\zlib\debug\zlibd.pdb
c:\users\drago\source\cpplibs\opengldependencies\cmake\assimp-5.0.1\build\contrib\zlib\zlib.dir\debug\zlib1.res
c:\users\drago\source\cpplibs\opengldependencies\cmake\assimp-5.0.1\build\contrib\zlib\debug\zlibd.lib
c:\users\drago\source\cpplibs\opengldependencies\cmake\assimp-5.0.1\build\contrib\zlib\debug\zlibd.exp
c:\users\drago\source\cpplibs\opengldependencies\cmake\assimp-5.0.1\build\contrib\zlib\zlib.dir\debug\vcpkg.applocal.log
c:\users\drago\source\cpplibs\opengldependencies\cmake\assimp-5.0.1\build\contrib\zlib\zlib.dir\debug\zlib.tlog\cl.1136.write.1.tlog
c:\users\drago\source\cpplibs\opengldependencies\cmake\assimp-5.0.1\build\contrib\zlib\zlib.dir\debug\zlib.tlog\cl.command.1.tlog
c:\users\drago\source\cpplibs\opengldependencies\cmake\assimp-5.0.1\build\contrib\zlib\zlib.dir\debug\zlib.tlog\cl.read.1.tlog
c:\users\drago\source\cpplibs\opengldependencies\cmake\assimp-5.0.1\build\contrib\zlib\zlib.dir\debug\zlib.tlog\custombuild.command.1.tlog
c:\users\drago\source\cpplibs\opengldependencies\cmake\assimp-5.0.1\build\contrib\zlib\zlib.dir\debug\zlib.tlog\custombuild.read.1.tlog
c:\users\drago\source\cpplibs\opengldependencies\cmake\assimp-5.0.1\build\contrib\zlib\zlib.dir\debug\zlib.tlog\custombuild.write.1.tlog
c:\users\drago\source\cpplibs\opengldependencies\cmake\assimp-5.0.1\build\contrib\zlib\zlib.dir\debug\zlib.tlog\link.command.1.tlog
c:\users\drago\source\cpplibs\opengldependencies\cmake\assimp-5.0.1\build\contrib\zlib\zlib.dir\debug\zlib.tlog\link.read.1.tlog
c:\users\drago\source\cpplibs\opengldependencies\cmake\assimp-5.0.1\build\contrib\zlib\zlib.dir\debug\zlib.tlog\link.write.1.tlog
c:\users\drago\source\cpplibs\opengldependencies\cmake\assimp-5.0.1\build\contrib\zlib\zlib.dir\debug\zlib.tlog\rc.command.1.tlog
c:\users\drago\source\cpplibs\opengldependencies\cmake\assimp-5.0.1\build\contrib\zlib\zlib.dir\debug\zlib.tlog\rc.read.1.tlog
c:\users\drago\source\cpplibs\opengldependencies\cmake\assimp-5.0.1\build\contrib\zlib\zlib.dir\debug\zlib.tlog\rc.write.1.tlog
c:\users\drago\source\cpplibs\opengldependencies\cmake\assimp-5.0.1\build\contrib\zlib\zlib.dir\debug\zlib.tlog\zlib.write.1u.tlog
